<?xml version="1.0" encoding="UTF-8"?>
<!-- Generated by org.testng.reporters.JUnitXMLReporter -->
<testsuite ignored="0" hostname="LAPTOP-2QC3IUED" failures="0" tests="4" name="Default test" time="2.374" errors="0" timestamp="2024-05-26T16:07:55 IST">
  <testcase classname="com.dataprovider.Testing" name="m1" time="0.02"/>
  <testcase classname="com.dataprovider.Testing" name="m1" time="0.01"/>
  <testcase classname="com.dataprovider.Testing" name="m1" time="0.014"/>
  <testcase classname="com.dataprovider.Testing" name="m1" time="0.013"/>
</testsuite> <!-- Default test -->
