<?xml version="1.0" encoding="UTF-8"?>
<!-- Generated by org.testng.reporters.JUnitXMLReporter -->
<testsuite ignored="0" hostname="LAPTOP-2QC3IUED" failures="0" tests="13" name="Default test" time="0.933" errors="0" timestamp="2024-05-26T12:59:43 IST">
  <testcase classname="com.sucesspercentage.A" name="m1" time="0.087"/>
  <testcase classname="com.sucesspercentage.A" name="m1" time="0.016"/>
  <testcase classname="com.sucesspercentage.A" name="m1" time="0.162"/>
  <testcase classname="com.sucesspercentage.A" name="m1" time="0.008"/>
  <testcase classname="com.sucesspercentage.A" name="m1" time="0.015"/>
  <testcase classname="com.sucesspercentage.A" name="m1" time="0.013"/>
  <testcase classname="com.sucesspercentage.A" name="m1" time="0.011"/>
  <testcase classname="com.sucesspercentage.A" name="m1" time="0.009"/>
  <testcase classname="com.sucesspercentage.A" name="m1" time="0.009"/>
  <testcase classname="com.sucesspercentage.A" name="m1" time="0.037"/>
  <testcase classname="com.sucesspercentage.A" name="m2" time="0.005"/>
  <testcase classname="com.sucesspercentage.A" name="m3" time="0.012"/>
  <testcase classname="com.sucesspercentage.A" name="m4" time="0.033"/>
</testsuite> <!-- Default test -->
