<?xml version="1.0" encoding="UTF-8"?>
<!-- Generated by org.testng.reporters.JUnitXMLReporter -->
<testsuite ignored="2" hostname="LAPTOP-2QC3IUED" failures="0" tests="1" name="Test" time="0.176" errors="0" timestamp="2024-05-26T08:31:37 IST">
  <testcase classname="com.groups.Smoke" name="m1" time="0.032"/>
  <testcase classname="com.groups.Smoke" name="m3" time="0.0">
    <ignored/>
  </testcase> <!-- m3 -->
  <testcase classname="com.groups.Smoke" name="m2" time="0.0">
    <ignored/>
  </testcase> <!-- m2 -->
</testsuite> <!-- Test -->
