<?xml version="1.0" encoding="UTF-8"?>
<!-- Generated by org.testng.reporters.JUnitXMLReporter -->
<testsuite ignored="0" hostname="LAPTOP-2QC3IUED" failures="0" tests="1" name="Test" time="8.084" errors="0" timestamp="2024-05-26T14:18:11 IST">
  <testcase classname="com.parameters.UsingOptionInCBT" name="@BeforeMethod verifyTitlename" time="7.863">
    <failure type="java.lang.NullPointerException" message="Cannot invoke &amp;quot;String.equals(Object)&amp;quot; because &amp;quot;browserName&amp;quot; is null">
      <![CDATA[java.lang.NullPointerException: Cannot invoke "String.equals(Object)" because "browserName" is null
at com.parameters.UsingOptionInCBT.verifyTitlename(UsingOptionInCBT.java:21)
at java.base/java.util.ArrayList.forEach(ArrayList.java:1511)
... Removed 31 stack frames]]>
    </failure>
  </testcase> <!-- @BeforeMethod verifyTitlename -->
  <testcase classname="com.parameters.UsingOptionInCBT" name="openurl" time="0.0">
    <skipped/>
  </testcase> <!-- openurl -->
</testsuite> <!-- Test -->
