<?xml version="1.0" encoding="UTF-8"?>
<testng-results ignored="0" total="4" passed="4" failed="0" skipped="0">
  <reporter-output>
  </reporter-output>
  <suite started-at="2024-05-26T16:07:53 IST" name="Default suite" finished-at="2024-05-26T16:07:55 IST" duration-ms="2374">
    <groups>
    </groups>
    <test started-at="2024-05-26T16:07:53 IST" name="Default test" finished-at="2024-05-26T16:07:55 IST" duration-ms="2374">
      <class name="com.dataprovider.Testing">
        <test-method signature="m1(int,int)[pri:0, instance:com.dataprovider.Testing@4b0d79fc]" started-at="2024-05-26T16:07:55 IST" name="m1" data-provider="values" finished-at="2024-05-26T16:07:55 IST" duration-ms="20" status="PASS">
          <params>
            <param index="0">
              <value>
                <![CDATA[5]]>
              </value>
            </param>
            <param index="1">
              <value>
                <![CDATA[25]]>
              </value>
            </param>
          </params>
          <reporter-output>
          </reporter-output>
        </test-method> <!-- m1 -->
        <test-method signature="m1(int,int)[pri:0, instance:com.dataprovider.Testing@4b0d79fc]" started-at="2024-05-26T16:07:55 IST" name="m1" data-provider="values" finished-at="2024-05-26T16:07:55 IST" duration-ms="10" status="PASS">
          <params>
            <param index="0">
              <value>
                <![CDATA[10]]>
              </value>
            </param>
            <param index="1">
              <value>
                <![CDATA[30]]>
              </value>
            </param>
          </params>
          <reporter-output>
          </reporter-output>
        </test-method> <!-- m1 -->
        <test-method signature="m1(int,int)[pri:0, instance:com.dataprovider.Testing@4b0d79fc]" started-at="2024-05-26T16:07:55 IST" name="m1" data-provider="values" finished-at="2024-05-26T16:07:55 IST" duration-ms="14" status="PASS">
          <params>
            <param index="0">
              <value>
                <![CDATA[15]]>
              </value>
            </param>
            <param index="1">
              <value>
                <![CDATA[35]]>
              </value>
            </param>
          </params>
          <reporter-output>
          </reporter-output>
        </test-method> <!-- m1 -->
        <test-method signature="m1(int,int)[pri:0, instance:com.dataprovider.Testing@4b0d79fc]" started-at="2024-05-26T16:07:55 IST" name="m1" data-provider="values" finished-at="2024-05-26T16:07:55 IST" duration-ms="13" status="PASS">
          <params>
            <param index="0">
              <value>
                <![CDATA[20]]>
              </value>
            </param>
            <param index="1">
              <value>
                <![CDATA[-35]]>
              </value>
            </param>
          </params>
          <reporter-output>
          </reporter-output>
        </test-method> <!-- m1 -->
      </class> <!-- com.dataprovider.Testing -->
    </test> <!-- Default test -->
  </suite> <!-- Default suite -->
</testng-results>
